DO
DO
DO
DO
DO
DO
DO
DO
DO
DO
DO
DO
ALTER TABLE
ALTER TABLE
ALTER TABLE
ALTER TABLE
ALTER TABLE
ALTER TABLE
ALTER TABLE
psql:docs/Migration_v1_v2/sql/02_adm_structure.sql:159: NOTICE:  column "status" of relation "adm_members" already exists, skipping
ALTER TABLE
ALTER TABLE
ALTER TABLE
ALTER TABLE
ALTER TABLE
ALTER TABLE
ALTER TABLE
ALTER TABLE
ALTER TABLE
ALTER TABLE
psql:docs/Migration_v1_v2/sql/02_adm_structure.sql:197: NOTICE:  column "slug" of relation "adm_roles" already exists, skipping
ALTER TABLE
ALTER TABLE
ALTER TABLE
ALTER TABLE
ALTER TABLE
ALTER TABLE
ALTER TABLE
ALTER TABLE
ALTER TABLE
ALTER TABLE
ALTER TABLE
ALTER TABLE
ALTER TABLE
ALTER TABLE
ALTER TABLE
ALTER TABLE
ALTER TABLE
ALTER TABLE
ALTER TABLE
ALTER TABLE
ALTER TABLE
ALTER TABLE
ALTER TABLE
ALTER TABLE
psql:docs/Migration_v1_v2/sql/02_adm_structure.sql:327: NOTICE:  relation "adm_provider_employees" already exists, skipping
CREATE TABLE
psql:docs/Migration_v1_v2/sql/02_adm_structure.sql:366: NOTICE:  relation "adm_tenant_lifecycle_events" already exists, skipping
CREATE TABLE
CREATE TABLE
CREATE TABLE
CREATE TABLE
CREATE TABLE
CREATE TABLE
ALTER TABLE
ALTER TABLE
ALTER TABLE
ALTER TABLE
ALTER TABLE
ALTER TABLE
ALTER TABLE
ALTER TABLE
ALTER TABLE
ALTER TABLE
ALTER TABLE
ALTER TABLE
ALTER TABLE
ALTER TABLE
ALTER TABLE
ALTER TABLE
ALTER TABLE
ALTER TABLE
ALTER TABLE
ALTER TABLE
ALTER TABLE
DO
DO
ALTER TABLE
ALTER TABLE
ALTER TABLE
ALTER TABLE
ALTER TABLE
ALTER TABLE
ALTER TABLE
ALTER TABLE
ALTER TABLE
ALTER TABLE
ALTER TABLE
ALTER TABLE
ALTER TABLE
ALTER TABLE
ALTER TABLE
ALTER TABLE
ALTER TABLE
ALTER TABLE
ALTER TABLE
ALTER TABLE
ALTER TABLE
ALTER TABLE
ALTER TABLE
ALTER TABLE
ALTER TABLE
ALTER TABLE
ALTER TABLE
ALTER TABLE
ALTER TABLE
ALTER TABLE
ALTER TABLE
ALTER TABLE
ALTER TABLE
ALTER TABLE
ALTER TABLE
ALTER TABLE
ALTER TABLE
ALTER TABLE
ALTER TABLE
ALTER TABLE
ALTER TABLE
ALTER TABLE
ALTER TABLE
ALTER TABLE
ALTER TABLE
ALTER TABLE
ALTER TABLE
ALTER TABLE
ALTER TABLE
ALTER TABLE
ALTER TABLE
ALTER TABLE
ALTER TABLE
ALTER TABLE
ALTER TABLE
ALTER TABLE
ALTER TABLE
ALTER TABLE
ALTER TABLE
ALTER TABLE
ALTER TABLE
ALTER TABLE
ALTER TABLE
ALTER TABLE
ALTER TABLE
ALTER TABLE
ALTER TABLE
ALTER TABLE
ALTER TABLE
ALTER TABLE
ALTER TABLE
ALTER TABLE
ALTER TABLE
ALTER TABLE
ALTER TABLE
ALTER TABLE
ALTER TABLE
ALTER TABLE
CREATE TABLE
COMMENT
CREATE TABLE
COMMENT
ALTER TABLE
ALTER TABLE
ALTER TABLE
ALTER TABLE
ALTER TABLE
ALTER TABLE
ALTER TABLE
ALTER TABLE
ALTER TABLE
ALTER TABLE
ALTER TABLE
ALTER TABLE
ALTER TABLE
ALTER TABLE
ALTER TABLE
ALTER TABLE
ALTER TABLE
ALTER TABLE
ALTER TABLE
ALTER TABLE
ALTER TABLE
ALTER TABLE
ALTER TABLE
ALTER TABLE
ALTER TABLE
ALTER TABLE
ALTER TABLE
ALTER TABLE
ALTER TABLE
ALTER TABLE
ALTER TABLE
DO
DO
DO
DO
ALTER TABLE
ALTER TABLE
ALTER TABLE
ALTER TABLE
ALTER TABLE
ALTER TABLE
ALTER TABLE
ALTER TABLE
ALTER TABLE
ALTER TABLE
ALTER TABLE
ALTER TABLE
ALTER TABLE
ALTER TABLE
ALTER TABLE
ALTER TABLE
ALTER TABLE
ALTER TABLE
CREATE TABLE
COMMENT
CREATE TABLE
COMMENT
CREATE TABLE
COMMENT
ALTER TABLE
ALTER TABLE
ALTER TABLE
DO
ALTER TABLE
ALTER TABLE
ALTER TABLE
ALTER TABLE
ALTER TABLE
ALTER TABLE
ALTER TABLE
ALTER TABLE
ALTER TABLE
ALTER TABLE
ALTER TABLE
DO
DO
DO
DO
DO
DO
DO
ALTER TABLE
ALTER TABLE
ALTER TABLE
ALTER TABLE
ALTER TABLE
ALTER TABLE
ALTER TABLE
ALTER TABLE
ALTER TABLE
ALTER TABLE
ALTER TABLE
ALTER TABLE
ALTER TABLE
ALTER TABLE
ALTER TABLE
ALTER TABLE
ALTER TABLE
ALTER TABLE
ALTER TABLE
ALTER TABLE
ALTER TABLE
ALTER TABLE
ALTER TABLE
ALTER TABLE
ALTER TABLE
ALTER TABLE
ALTER TABLE
ALTER TABLE
ALTER TABLE
ALTER TABLE
ALTER TABLE
ALTER TABLE
ALTER TABLE
ALTER TABLE
psql:docs/Migration_v1_v2/sql/05_crm_structure.sql:362: NOTICE:  column "lead_id" of relation "crm_contracts" already exists, skipping
ALTER TABLE
ALTER TABLE
ALTER TABLE
ALTER TABLE
ALTER TABLE
ALTER TABLE
ALTER TABLE
ALTER TABLE
ALTER TABLE
ALTER TABLE
ALTER TABLE
ALTER TABLE
ALTER TABLE
ALTER TABLE
ALTER TABLE
ALTER TABLE
ALTER TABLE
ALTER TABLE
ALTER TABLE
ALTER TABLE
ALTER TABLE
CREATE TABLE
COMMENT
CREATE TABLE
COMMENT
CREATE TABLE
COMMENT
CREATE TABLE
COMMENT
ALTER TABLE
ALTER TABLE
DO
ALTER TABLE
ALTER TABLE
ALTER TABLE
DO
ALTER TABLE
ALTER TABLE
ALTER TABLE
ALTER TABLE
ALTER TABLE
ALTER TABLE
ALTER TABLE
ALTER TABLE
ALTER TABLE
ALTER TABLE
ALTER TABLE
ALTER TABLE
ALTER TABLE
ALTER TABLE
ALTER TABLE
ALTER TABLE
DO
DO
DO
DO
DO
DO
DO
DO
DO
DO
DO
DO
DO
DO
ALTER TABLE
COMMENT
ALTER TABLE
COMMENT
ALTER TABLE
COMMENT
ALTER TABLE
COMMENT
ALTER TABLE
COMMENT
ALTER TABLE
COMMENT
ALTER TABLE
COMMENT
ALTER TABLE
COMMENT
ALTER TABLE
COMMENT
ALTER TABLE
COMMENT
ALTER TABLE
COMMENT
ALTER TABLE
COMMENT
ALTER TABLE
COMMENT
ALTER TABLE
COMMENT
ALTER TABLE
COMMENT
ALTER TABLE
COMMENT
ALTER TABLE
COMMENT
ALTER TABLE
COMMENT
ALTER TABLE
COMMENT
ALTER TABLE
COMMENT
ALTER TABLE
COMMENT
ALTER TABLE
COMMENT
ALTER TABLE
COMMENT
ALTER TABLE
COMMENT
ALTER TABLE
COMMENT
ALTER TABLE
COMMENT
ALTER TABLE
COMMENT
ALTER TABLE
COMMENT
ALTER TABLE
COMMENT
ALTER TABLE
COMMENT
ALTER TABLE
COMMENT
ALTER TABLE
COMMENT
ALTER TABLE
COMMENT
ALTER TABLE
COMMENT
ALTER TABLE
COMMENT
ALTER TABLE
COMMENT
ALTER TABLE
COMMENT
ALTER TABLE
COMMENT
ALTER TABLE
COMMENT
ALTER TABLE
COMMENT
ALTER TABLE
COMMENT
ALTER TABLE
COMMENT
ALTER TABLE
COMMENT
ALTER TABLE
COMMENT
ALTER TABLE
COMMENT
ALTER TABLE
COMMENT
ALTER TABLE
COMMENT
ALTER TABLE
COMMENT
ALTER TABLE
COMMENT
ALTER TABLE
COMMENT
ALTER TABLE
COMMENT
ALTER TABLE
COMMENT
ALTER TABLE
COMMENT
ALTER TABLE
COMMENT
ALTER TABLE
COMMENT
ALTER TABLE
COMMENT
ALTER TABLE
COMMENT
ALTER TABLE
COMMENT
ALTER TABLE
COMMENT
ALTER TABLE
COMMENT
ALTER TABLE
COMMENT
ALTER TABLE
COMMENT
ALTER TABLE
COMMENT
ALTER TABLE
COMMENT
CREATE TABLE
COMMENT
COMMENT
COMMENT
COMMENT
COMMENT
CREATE TABLE
COMMENT
COMMENT
COMMENT
COMMENT
COMMENT
COMMENT
COMMENT
COMMENT
COMMENT
COMMENT
COMMENT
COMMENT
CREATE TABLE
COMMENT
COMMENT
COMMENT
COMMENT
COMMENT
COMMENT
DO
ALTER TABLE
ALTER TABLE
ALTER TABLE
ALTER TABLE
DO
DO
ALTER TABLE
ALTER TABLE
ALTER TABLE
ALTER TABLE
ALTER TABLE
ALTER TABLE
ALTER TABLE
DO
DO
DO
DO
ALTER TABLE
ALTER TABLE
ALTER TABLE
ALTER TABLE
DO
DO
DO
DO
DO
DO
DO
ALTER TABLE
ALTER TABLE
ALTER TABLE
ALTER TABLE
ALTER TABLE
ALTER TABLE
ALTER TABLE
ALTER TABLE
ALTER TABLE
ALTER TABLE
ALTER TABLE
ALTER TABLE
ALTER TABLE
ALTER TABLE
CREATE TABLE
COMMENT
COMMENT
COMMENT
COMMENT
CREATE TABLE
COMMENT
COMMENT
COMMENT
COMMENT
COMMENT
CREATE TABLE
COMMENT
COMMENT
COMMENT
DO
ALTER TABLE
ALTER TABLE
ALTER TABLE
ALTER TABLE
DO
ALTER TABLE
ALTER TABLE
ALTER TABLE
DO
DO
DO
DO
DO
ALTER TABLE
ALTER TABLE
ALTER TABLE
ALTER TABLE
ALTER TABLE
CREATE INDEX
CREATE INDEX
CREATE INDEX
CREATE INDEX
CREATE INDEX
CREATE INDEX
CREATE INDEX
CREATE INDEX
CREATE INDEX
CREATE INDEX
CREATE INDEX
CREATE INDEX
CREATE INDEX
CREATE INDEX
CREATE INDEX
CREATE INDEX
CREATE INDEX
CREATE INDEX
CREATE INDEX
CREATE INDEX
CREATE INDEX
psql:docs/Migration_v1_v2/sql/07_sup_structure.sql:988: NOTICE:  ============================================
psql:docs/Migration_v1_v2/sql/07_sup_structure.sql:988: NOTICE:  GATEWAY 2: VALIDATION MODULE SUP
psql:docs/Migration_v1_v2/sql/07_sup_structure.sql:988: NOTICE:  Session: 6/13
psql:docs/Migration_v1_v2/sql/07_sup_structure.sql:988: NOTICE:  ============================================
psql:docs/Migration_v1_v2/sql/07_sup_structure.sql:988: NOTICE:  
psql:docs/Migration_v1_v2/sql/07_sup_structure.sql:988: NOTICE:  1. TABLES MODULE SUP
psql:docs/Migration_v1_v2/sql/07_sup_structure.sql:988: NOTICE:     Tables attendues: 6
psql:docs/Migration_v1_v2/sql/07_sup_structure.sql:988: NOTICE:     Tables trouvées: 6
psql:docs/Migration_v1_v2/sql/07_sup_structure.sql:988: NOTICE:     ✓ OK - Toutes les tables SUP présentes
psql:docs/Migration_v1_v2/sql/07_sup_structure.sql:988: NOTICE:  
psql:docs/Migration_v1_v2/sql/07_sup_structure.sql:988: NOTICE:  2. ENUMS MODULE SUP
psql:docs/Migration_v1_v2/sql/07_sup_structure.sql:988: NOTICE:     Enums attendus: 7
psql:docs/Migration_v1_v2/sql/07_sup_structure.sql:988: NOTICE:     Enums trouvés: 7
psql:docs/Migration_v1_v2/sql/07_sup_structure.sql:988: NOTICE:     ✓ OK - Tous les enums SUP créés
psql:docs/Migration_v1_v2/sql/07_sup_structure.sql:988: NOTICE:  
psql:docs/Migration_v1_v2/sql/07_sup_structure.sql:988: NOTICE:  3. COLONNES MODULE SUP
psql:docs/Migration_v1_v2/sql/07_sup_structure.sql:988: NOTICE:     Tables V1→V2 modifiées:
psql:docs/Migration_v1_v2/sql/07_sup_structure.sql:988: NOTICE:     - sup_tickets: 27 colonnes (attendu: 27)
psql:docs/Migration_v1_v2/sql/07_sup_structure.sql:988: NOTICE:     - sup_ticket_messages: 22 colonnes (attendu: 22)
psql:docs/Migration_v1_v2/sql/07_sup_structure.sql:988: NOTICE:     - sup_customer_feedback: 26 colonnes (attendu: 27)
psql:docs/Migration_v1_v2/sql/07_sup_structure.sql:988: NOTICE:     Tables V2 nouvelles:
psql:docs/Migration_v1_v2/sql/07_sup_structure.sql:988: NOTICE:     - sup_ticket_categories: 15 colonnes (attendu: 15)
psql:docs/Migration_v1_v2/sql/07_sup_structure.sql:988: NOTICE:     - sup_ticket_sla_rules: 13 colonnes (attendu: 13)
psql:docs/Migration_v1_v2/sql/07_sup_structure.sql:988: NOTICE:     - sup_canned_responses: 12 colonnes (attendu: 12)
psql:docs/Migration_v1_v2/sql/07_sup_structure.sql:988: NOTICE:     Total colonnes ajoutées V1→V2: 34 (11 tickets + 9 messages + 14 feedback)
psql:docs/Migration_v1_v2/sql/07_sup_structure.sql:988: NOTICE:     Total colonnes tables V2: 40 (15 categories + 13 sla + 12 responses)
psql:docs/Migration_v1_v2/sql/07_sup_structure.sql:988: NOTICE:  
psql:docs/Migration_v1_v2/sql/07_sup_structure.sql:988: NOTICE:  4. FOREIGN KEYS MODULE SUP
psql:docs/Migration_v1_v2/sql/07_sup_structure.sql:988: NOTICE:     FK attendues: 18 (5 internes + 13 vers ADM)
psql:docs/Migration_v1_v2/sql/07_sup_structure.sql:988: NOTICE:     FK trouvées: 23
psql:docs/Migration_v1_v2/sql/07_sup_structure.sql:988: NOTICE:     Note: Le total peut varier selon FK existantes en V1
psql:docs/Migration_v1_v2/sql/07_sup_structure.sql:988: NOTICE:  
psql:docs/Migration_v1_v2/sql/07_sup_structure.sql:988: NOTICE:  5. FK FUTURES (Documentation)
psql:docs/Migration_v1_v2/sql/07_sup_structure.sql:988: NOTICE:     FK vers module RID (Session 7): 1
psql:docs/Migration_v1_v2/sql/07_sup_structure.sql:988: NOTICE:     - sup_customer_feedback.driver_id → rid_drivers.id
psql:docs/Migration_v1_v2/sql/07_sup_structure.sql:988: NOTICE:     Action: Sera créée en Session 7 lors de 08_rid_structure.sql
psql:docs/Migration_v1_v2/sql/07_sup_structure.sql:988: NOTICE:  
psql:docs/Migration_v1_v2/sql/07_sup_structure.sql:988: NOTICE:  ============================================
psql:docs/Migration_v1_v2/sql/07_sup_structure.sql:988: NOTICE:  RÉSUMÉ MIGRATION MODULE SUP
psql:docs/Migration_v1_v2/sql/07_sup_structure.sql:988: NOTICE:  ============================================
psql:docs/Migration_v1_v2/sql/07_sup_structure.sql:988: NOTICE:  Tables V1 modifiées: 3
psql:docs/Migration_v1_v2/sql/07_sup_structure.sql:988: NOTICE:  Tables V2 nouvelles: 3
psql:docs/Migration_v1_v2/sql/07_sup_structure.sql:988: NOTICE:  Enums créés: 7
psql:docs/Migration_v1_v2/sql/07_sup_structure.sql:988: NOTICE:  Colonnes ajoutées V1→V2: 34 (11 + 9 + 14)
psql:docs/Migration_v1_v2/sql/07_sup_structure.sql:988: NOTICE:  Colonnes tables V2 nouvelles: 40 (15 + 13 + 12)
psql:docs/Migration_v1_v2/sql/07_sup_structure.sql:988: NOTICE:  Total colonnes ajoutées: 74
psql:docs/Migration_v1_v2/sql/07_sup_structure.sql:988: NOTICE:  FK créées: 18 (5 internes + 13 ADM)
psql:docs/Migration_v1_v2/sql/07_sup_structure.sql:988: NOTICE:  FK FUTURES documentées: 1 (vers RID)
psql:docs/Migration_v1_v2/sql/07_sup_structure.sql:988: NOTICE:  ============================================
psql:docs/Migration_v1_v2/sql/07_sup_structure.sql:988: NOTICE:  
psql:docs/Migration_v1_v2/sql/07_sup_structure.sql:988: NOTICE:  Session 6/13 - Module SUP: TERMINÉE ✓
psql:docs/Migration_v1_v2/sql/07_sup_structure.sql:988: NOTICE:  Prochaine étape: Session 7/13 - Module RID (Riders & Drivers)
psql:docs/Migration_v1_v2/sql/07_sup_structure.sql:988: NOTICE:  
DO
DO
DO
DO
DO
DO
DO
DO
DO
DO
DO
DO
DO
DO
DO
DO
DO
DO
DO
DO
DO
ALTER TABLE
ALTER TABLE
ALTER TABLE
ALTER TABLE
ALTER TABLE
ALTER TABLE
ALTER TABLE
ALTER TABLE
ALTER TABLE
ALTER TABLE
ALTER TABLE
ALTER TABLE
ALTER TABLE
ALTER TABLE
ALTER TABLE
ALTER TABLE
ALTER TABLE
ALTER TABLE
ALTER TABLE
ALTER TABLE
ALTER TABLE
ALTER TABLE
ALTER TABLE
ALTER TABLE
ALTER TABLE
ALTER TABLE
ALTER TABLE
ALTER TABLE
ALTER TABLE
ALTER TABLE
ALTER TABLE
psql:docs/Migration_v1_v2/sql/08_rid_structure.sql:592: ERROR:  invalid input value for enum period_type: "weekly"
ALTER TABLE
ALTER TABLE
ALTER TABLE
ALTER TABLE
ALTER TABLE
ALTER TABLE
ALTER TABLE
ALTER TABLE
ALTER TABLE
ALTER TABLE
ALTER TABLE
ALTER TABLE
ALTER TABLE
ALTER TABLE
ALTER TABLE
ALTER TABLE
ALTER TABLE
ALTER TABLE
ALTER TABLE
ALTER TABLE
ALTER TABLE
ALTER TABLE
ALTER TABLE
ALTER TABLE
ALTER TABLE
ALTER TABLE
DO
DO
DO
DO
DO
DO
DO
DO
DO
DO
DO
DO
DO
DO
DO
DO
DO
DO
DO
DO
DO
DO
DO
DO
DO
psql:docs/Migration_v1_v2/sql/08_rid_structure.sql:1544: NOTICE:  
psql:docs/Migration_v1_v2/sql/08_rid_structure.sql:1544: NOTICE:  ═══════════════════════════════════════════════════════════════
psql:docs/Migration_v1_v2/sql/08_rid_structure.sql:1544: NOTICE:  GATEWAY 2: SESSION 7/13 - MODULE RID - VALIDATION RÉUSSIE ✓
psql:docs/Migration_v1_v2/sql/08_rid_structure.sql:1544: NOTICE:  ═══════════════════════════════════════════════════════════════
psql:docs/Migration_v1_v2/sql/08_rid_structure.sql:1544: NOTICE:  
psql:docs/Migration_v1_v2/sql/08_rid_structure.sql:1544: NOTICE:  📊 ÉTAT GLOBAL BASE DE DONNÉES:
psql:docs/Migration_v1_v2/sql/08_rid_structure.sql:1544: NOTICE:     └─ Total tables: 77 (avant: 77)
psql:docs/Migration_v1_v2/sql/08_rid_structure.sql:1544: NOTICE:     └─ Total enums: 65 (avant: 46)
psql:docs/Migration_v1_v2/sql/08_rid_structure.sql:1544: NOTICE:  
psql:docs/Migration_v1_v2/sql/08_rid_structure.sql:1544: NOTICE:  📦 MODULE RID - STRUCTURES CRÉÉES:
psql:docs/Migration_v1_v2/sql/08_rid_structure.sql:1544: NOTICE:     ├─ Enums créés: 20
psql:docs/Migration_v1_v2/sql/08_rid_structure.sql:1544: NOTICE:     │  ├─ Payment: 3 (preferred_payment_method, payment_method_type, paid_by)
psql:docs/Migration_v1_v2/sql/08_rid_structure.sql:1544: NOTICE:     │  ├─ Status: 2 (driver_status, document_verification_status)
psql:docs/Migration_v1_v2/sql/08_rid_structure.sql:1544: NOTICE:     │  ├─ Contract: 3 (signature_method, compensation_model, cooperation_status)
psql:docs/Migration_v1_v2/sql/08_rid_structure.sql:1544: NOTICE:     │  ├─ Requests: 3 (driver_request_type, request_priority, request_status)
psql:docs/Migration_v1_v2/sql/08_rid_structure.sql:1544: NOTICE:     │  ├─ Performance: 1 (period_type)
psql:docs/Migration_v1_v2/sql/08_rid_structure.sql:1544: NOTICE:     │  ├─ Blacklist: 4 (category, severity, status, appeal_status)
psql:docs/Migration_v1_v2/sql/08_rid_structure.sql:1544: NOTICE:     │  ├─ Training: 3 (training_type, provider_type, training_status)
psql:docs/Migration_v1_v2/sql/08_rid_structure.sql:1544: NOTICE:     │  └─ Documents: 1 (driver_document_type)
psql:docs/Migration_v1_v2/sql/08_rid_structure.sql:1544: NOTICE:     │
psql:docs/Migration_v1_v2/sql/08_rid_structure.sql:1544: NOTICE:     ├─ Tables V1 modifiées: 7
psql:docs/Migration_v1_v2/sql/08_rid_structure.sql:1544: NOTICE:     │  ├─ rid_drivers: 67 colonnes (était 25)
psql:docs/Migration_v1_v2/sql/08_rid_structure.sql:1544: NOTICE:     │  ├─ rid_driver_documents: 32 colonnes (était 16)
psql:docs/Migration_v1_v2/sql/08_rid_structure.sql:1544: NOTICE:     │  ├─ rid_driver_cooperation_terms: 43 colonnes (était 16)
psql:docs/Migration_v1_v2/sql/08_rid_structure.sql:1544: NOTICE:     │  ├─ rid_driver_requests: 45 colonnes (était 15)
psql:docs/Migration_v1_v2/sql/08_rid_structure.sql:1544: NOTICE:     │  ├─ rid_driver_performances: 52 colonnes (était 20)
psql:docs/Migration_v1_v2/sql/08_rid_structure.sql:1544: NOTICE:     │  ├─ rid_driver_blacklists: 48 colonnes (était 15)
psql:docs/Migration_v1_v2/sql/08_rid_structure.sql:1544: NOTICE:     │  └─ rid_driver_training: 62 colonnes (était 19)
psql:docs/Migration_v1_v2/sql/08_rid_structure.sql:1544: NOTICE:     │
psql:docs/Migration_v1_v2/sql/08_rid_structure.sql:1544: NOTICE:     ├─ Tables V2 nouvelles: 0
psql:docs/Migration_v1_v2/sql/08_rid_structure.sql:1544: NOTICE:     │  └─ Note: rid_driver_languages existe V1 mais DROP Session 16
psql:docs/Migration_v1_v2/sql/08_rid_structure.sql:1544: NOTICE:     │
psql:docs/Migration_v1_v2/sql/08_rid_structure.sql:1544: NOTICE:     ├─ Foreign Keys créées: 62
psql:docs/Migration_v1_v2/sql/08_rid_structure.sql:1544: NOTICE:     │  └─ FK internes RID + FK externes (ADM, DOC, DIR)
psql:docs/Migration_v1_v2/sql/08_rid_structure.sql:1544: NOTICE:     │
psql:docs/Migration_v1_v2/sql/08_rid_structure.sql:1544: NOTICE:     └─ FK RETOUR résolues: 1
psql:docs/Migration_v1_v2/sql/08_rid_structure.sql:1544: NOTICE:        └─ sup_customer_feedback.driver_id → rid_drivers.id
psql:docs/Migration_v1_v2/sql/08_rid_structure.sql:1544: NOTICE:  
psql:docs/Migration_v1_v2/sql/08_rid_structure.sql:1544: NOTICE:  ⚠️  COEXISTENCE V1/V2 (TRANSITOIRE):
psql:docs/Migration_v1_v2/sql/08_rid_structure.sql:1544: NOTICE:     ├─ rid_drivers:
psql:docs/Migration_v1_v2/sql/08_rid_structure.sql:1544: NOTICE:     │  ├─ driver_status (VARCHAR V1) + driver_status_v2 (enum V2)
psql:docs/Migration_v1_v2/sql/08_rid_structure.sql:1544: NOTICE:     │  ├─ rating (DECIMAL V1) + average_rating (DECIMAL V2)
psql:docs/Migration_v1_v2/sql/08_rid_structure.sql:1544: NOTICE:     │  └─ preferred_payment_method_v2 (enum V2 - pas de V1)
psql:docs/Migration_v1_v2/sql/08_rid_structure.sql:1544: NOTICE:     │
psql:docs/Migration_v1_v2/sql/08_rid_structure.sql:1544: NOTICE:     ├─ rid_driver_documents:
psql:docs/Migration_v1_v2/sql/08_rid_structure.sql:1544: NOTICE:     │  ├─ document_type (TEXT V1) + document_type_v2 (enum V2)
psql:docs/Migration_v1_v2/sql/08_rid_structure.sql:1544: NOTICE:     │  └─ verified (BOOLEAN V1) + verification_status (enum V2)
psql:docs/Migration_v1_v2/sql/08_rid_structure.sql:1544: NOTICE:     │
psql:docs/Migration_v1_v2/sql/08_rid_structure.sql:1544: NOTICE:     ├─ rid_driver_cooperation_terms:
psql:docs/Migration_v1_v2/sql/08_rid_structure.sql:1544: NOTICE:     │  └─ status (TEXT V1) + status_v2 (enum V2)
psql:docs/Migration_v1_v2/sql/08_rid_structure.sql:1544: NOTICE:     │
psql:docs/Migration_v1_v2/sql/08_rid_structure.sql:1544: NOTICE:     ├─ rid_driver_requests:
psql:docs/Migration_v1_v2/sql/08_rid_structure.sql:1544: NOTICE:     │  ├─ request_type (TEXT V1) + request_type_v2 (enum V2)
psql:docs/Migration_v1_v2/sql/08_rid_structure.sql:1544: NOTICE:     │  └─ status (TEXT V1) + status_v2 (enum V2)
psql:docs/Migration_v1_v2/sql/08_rid_structure.sql:1544: NOTICE:     │
psql:docs/Migration_v1_v2/sql/08_rid_structure.sql:1544: NOTICE:     ├─ rid_driver_blacklists:
psql:docs/Migration_v1_v2/sql/08_rid_structure.sql:1544: NOTICE:     │  └─ status (TEXT V1) + status_v2 (enum V2)
psql:docs/Migration_v1_v2/sql/08_rid_structure.sql:1544: NOTICE:     │
psql:docs/Migration_v1_v2/sql/08_rid_structure.sql:1544: NOTICE:     └─ rid_driver_training:
psql:docs/Migration_v1_v2/sql/08_rid_structure.sql:1544: NOTICE:        └─ status (TEXT V1) + status_v2 (enum V2)
psql:docs/Migration_v1_v2/sql/08_rid_structure.sql:1544: NOTICE:  
psql:docs/Migration_v1_v2/sql/08_rid_structure.sql:1544: NOTICE:  📋 PROCHAINES ÉTAPES:
psql:docs/Migration_v1_v2/sql/08_rid_structure.sql:1544: NOTICE:     ├─ Session 8-13: Structures FLT, SCH, TRP, REV, FIN
psql:docs/Migration_v1_v2/sql/08_rid_structure.sql:1544: NOTICE:     ├─ Session 14: Migration données V1 → V2 (POST_MIGRATION_ACTIONS.md)
psql:docs/Migration_v1_v2/sql/08_rid_structure.sql:1544: NOTICE:     ├─ Session 15: Création index optimisés
psql:docs/Migration_v1_v2/sql/08_rid_structure.sql:1544: NOTICE:     └─ Session 16: DROP colonnes V1 + DROP table rid_driver_languages
psql:docs/Migration_v1_v2/sql/08_rid_structure.sql:1544: NOTICE:  
psql:docs/Migration_v1_v2/sql/08_rid_structure.sql:1544: NOTICE:  ═══════════════════════════════════════════════════════════════
DO
DO
DO
DO
DO
DO
DO
DO
DO
DO
DO
DO
DO
DO
DO
DO
DO
DO
DO
DO
DO
DO
DO
DO
DO
DO
DO
DO
DO
DO
DO
DO
DO
ALTER TABLE
ALTER TABLE
ALTER TABLE
ALTER TABLE
ALTER TABLE
ALTER TABLE
ALTER TABLE
ALTER TABLE
psql:docs/Migration_v1_v2/sql/09_flt_structure.sql:343: NOTICE:  column "seats" of relation "flt_vehicles" already exists, skipping
ALTER TABLE
ALTER TABLE
ALTER TABLE
ALTER TABLE
ALTER TABLE
ALTER TABLE
ALTER TABLE
ALTER TABLE
ALTER TABLE
ALTER TABLE
psql:docs/Migration_v1_v2/sql/09_flt_structure.sql:361: NOTICE:  column "insurance_expiry" of relation "flt_vehicles" already exists, skipping
ALTER TABLE
ALTER TABLE
ALTER TABLE
ALTER TABLE
ALTER TABLE
ALTER TABLE
ALTER TABLE
ALTER TABLE
ALTER TABLE
ALTER TABLE
ALTER TABLE
ALTER TABLE
ALTER TABLE
ALTER TABLE
ALTER TABLE
ALTER TABLE
ALTER TABLE
ALTER TABLE
ALTER TABLE
ALTER TABLE
ALTER TABLE
ALTER TABLE
ALTER TABLE
ALTER TABLE
ALTER TABLE
ALTER TABLE
ALTER TABLE
ALTER TABLE
ALTER TABLE
ALTER TABLE
ALTER TABLE
ALTER TABLE
psql:docs/Migration_v1_v2/sql/09_flt_structure.sql:427: NOTICE:  column "severity" of relation "flt_vehicle_events" already exists, skipping
ALTER TABLE
ALTER TABLE
ALTER TABLE
ALTER TABLE
ALTER TABLE
ALTER TABLE
ALTER TABLE
ALTER TABLE
ALTER TABLE
ALTER TABLE
psql:docs/Migration_v1_v2/sql/09_flt_structure.sql:443: NOTICE:  column "downtime_hours" of relation "flt_vehicle_events" already exists, skipping
ALTER TABLE
ALTER TABLE
ALTER TABLE
ALTER TABLE
ALTER TABLE
ALTER TABLE
ALTER TABLE
ALTER TABLE
ALTER TABLE
ALTER TABLE
ALTER TABLE
ALTER TABLE
ALTER TABLE
ALTER TABLE
ALTER TABLE
ALTER TABLE
ALTER TABLE
ALTER TABLE
ALTER TABLE
ALTER TABLE
ALTER TABLE
ALTER TABLE
ALTER TABLE
ALTER TABLE
ALTER TABLE
ALTER TABLE
psql:docs/Migration_v1_v2/sql/09_flt_structure.sql:487: NOTICE:  column "currency" of relation "flt_vehicle_maintenance" already exists, skipping
ALTER TABLE
ALTER TABLE
ALTER TABLE
ALTER TABLE
ALTER TABLE
ALTER TABLE
ALTER TABLE
ALTER TABLE
ALTER TABLE
ALTER TABLE
ALTER TABLE
ALTER TABLE
ALTER TABLE
ALTER TABLE
ALTER TABLE
ALTER TABLE
ALTER TABLE
ALTER TABLE
ALTER TABLE
ALTER TABLE
ALTER TABLE
ALTER TABLE
ALTER TABLE
ALTER TABLE
ALTER TABLE
ALTER TABLE
ALTER TABLE
ALTER TABLE
ALTER TABLE
ALTER TABLE
ALTER TABLE
ALTER TABLE
ALTER TABLE
ALTER TABLE
ALTER TABLE
ALTER TABLE
ALTER TABLE
ALTER TABLE
ALTER TABLE
ALTER TABLE
ALTER TABLE
ALTER TABLE
ALTER TABLE
ALTER TABLE
ALTER TABLE
ALTER TABLE
ALTER TABLE
ALTER TABLE
ALTER TABLE
ALTER TABLE
ALTER TABLE
ALTER TABLE
ALTER TABLE
ALTER TABLE
ALTER TABLE
ALTER TABLE
ALTER TABLE
ALTER TABLE
ALTER TABLE
ALTER TABLE
ALTER TABLE
ALTER TABLE
ALTER TABLE
ALTER TABLE
ALTER TABLE
ALTER TABLE
ALTER TABLE
ALTER TABLE
ALTER TABLE
ALTER TABLE
ALTER TABLE
ALTER TABLE
ALTER TABLE
CREATE TABLE
CREATE INDEX
CREATE INDEX
CREATE TABLE
CREATE INDEX
CREATE INDEX
CREATE TABLE
CREATE INDEX
CREATE INDEX
CREATE INDEX
CREATE INDEX
CREATE TABLE
CREATE INDEX
CREATE INDEX
CREATE INDEX
CREATE INDEX
psql:docs/Migration_v1_v2/sql/09_flt_structure.sql:831: NOTICE:  constraint "fk_flt_vehicle_inspections_vehicle_id" of relation "flt_vehicle_inspections" does not exist, skipping
ALTER TABLE
psql:docs/Migration_v1_v2/sql/09_flt_structure.sql:837: NOTICE:  constraint "fk_flt_vehicle_equipments_vehicle_id" of relation "flt_vehicle_equipments" does not exist, skipping
ALTER TABLE
psql:docs/Migration_v1_v2/sql/09_flt_structure.sql:843: NOTICE:  constraint "fk_flt_vehicle_equipments_current_assignment_id" of relation "flt_vehicle_equipments" does not exist, skipping
ALTER TABLE
psql:docs/Migration_v1_v2/sql/09_flt_structure.sql:850: NOTICE:  constraint "fk_flt_vehicle_assignments_vehicle_id" of relation "flt_vehicle_assignments" does not exist, skipping
ALTER TABLE
psql:docs/Migration_v1_v2/sql/09_flt_structure.sql:857: NOTICE:  constraint "fk_flt_vehicle_events_vehicle_id" of relation "flt_vehicle_events" does not exist, skipping
ALTER TABLE
psql:docs/Migration_v1_v2/sql/09_flt_structure.sql:863: NOTICE:  constraint "fk_flt_vehicle_events_assignment_id" of relation "flt_vehicle_events" does not exist, skipping
ALTER TABLE
psql:docs/Migration_v1_v2/sql/09_flt_structure.sql:870: NOTICE:  constraint "fk_flt_vehicle_maintenance_vehicle_id" of relation "flt_vehicle_maintenance" does not exist, skipping
ALTER TABLE
psql:docs/Migration_v1_v2/sql/09_flt_structure.sql:877: NOTICE:  constraint "fk_flt_vehicle_expenses_vehicle_id" of relation "flt_vehicle_expenses" does not exist, skipping
ALTER TABLE
psql:docs/Migration_v1_v2/sql/09_flt_structure.sql:884: NOTICE:  constraint "fk_flt_vehicle_insurances_vehicle_id" of relation "flt_vehicle_insurances" does not exist, skipping
ALTER TABLE
psql:docs/Migration_v1_v2/sql/09_flt_structure.sql:890: NOTICE:  constraint "fk_flt_vehicle_insurances_parent_policy_id" of relation "flt_vehicle_insurances" does not exist, skipping
ALTER TABLE
psql:docs/Migration_v1_v2/sql/09_flt_structure.sql:904: NOTICE:  constraint "fk_dir_vehicle_statuses_created_by" of relation "dir_vehicle_statuses" does not exist, skipping
ALTER TABLE
psql:docs/Migration_v1_v2/sql/09_flt_structure.sql:909: NOTICE:  constraint "fk_dir_vehicle_statuses_updated_by" of relation "dir_vehicle_statuses" does not exist, skipping
ALTER TABLE
psql:docs/Migration_v1_v2/sql/09_flt_structure.sql:914: NOTICE:  constraint "fk_dir_vehicle_statuses_deleted_by" of relation "dir_vehicle_statuses" does not exist, skipping
ALTER TABLE
psql:docs/Migration_v1_v2/sql/09_flt_structure.sql:920: NOTICE:  constraint "fk_dir_ownership_types_created_by" of relation "dir_ownership_types" does not exist, skipping
ALTER TABLE
psql:docs/Migration_v1_v2/sql/09_flt_structure.sql:925: NOTICE:  constraint "fk_dir_ownership_types_updated_by" of relation "dir_ownership_types" does not exist, skipping
ALTER TABLE
psql:docs/Migration_v1_v2/sql/09_flt_structure.sql:930: NOTICE:  constraint "fk_dir_ownership_types_deleted_by" of relation "dir_ownership_types" does not exist, skipping
ALTER TABLE
psql:docs/Migration_v1_v2/sql/09_flt_structure.sql:936: NOTICE:  constraint "fk_flt_vehicles_tenant_id" of relation "flt_vehicles" does not exist, skipping
ALTER TABLE
psql:docs/Migration_v1_v2/sql/09_flt_structure.sql:942: NOTICE:  constraint "fk_flt_vehicles_created_by" of relation "flt_vehicles" does not exist, skipping
ALTER TABLE
psql:docs/Migration_v1_v2/sql/09_flt_structure.sql:947: NOTICE:  constraint "fk_flt_vehicles_updated_by" of relation "flt_vehicles" does not exist, skipping
ALTER TABLE
psql:docs/Migration_v1_v2/sql/09_flt_structure.sql:952: NOTICE:  constraint "fk_flt_vehicles_deleted_by" of relation "flt_vehicles" does not exist, skipping
ALTER TABLE
psql:docs/Migration_v1_v2/sql/09_flt_structure.sql:958: NOTICE:  constraint "fk_flt_vehicle_inspections_tenant_id" of relation "flt_vehicle_inspections" does not exist, skipping
ALTER TABLE
psql:docs/Migration_v1_v2/sql/09_flt_structure.sql:964: NOTICE:  constraint "fk_flt_vehicle_inspections_created_by" of relation "flt_vehicle_inspections" does not exist, skipping
ALTER TABLE
psql:docs/Migration_v1_v2/sql/09_flt_structure.sql:969: NOTICE:  constraint "fk_flt_vehicle_inspections_updated_by" of relation "flt_vehicle_inspections" does not exist, skipping
ALTER TABLE
psql:docs/Migration_v1_v2/sql/09_flt_structure.sql:975: NOTICE:  constraint "fk_flt_vehicle_equipments_tenant_id" of relation "flt_vehicle_equipments" does not exist, skipping
ALTER TABLE
psql:docs/Migration_v1_v2/sql/09_flt_structure.sql:981: NOTICE:  constraint "fk_flt_vehicle_equipments_created_by" of relation "flt_vehicle_equipments" does not exist, skipping
ALTER TABLE
psql:docs/Migration_v1_v2/sql/09_flt_structure.sql:986: NOTICE:  constraint "fk_flt_vehicle_equipments_updated_by" of relation "flt_vehicle_equipments" does not exist, skipping
ALTER TABLE
psql:docs/Migration_v1_v2/sql/09_flt_structure.sql:991: NOTICE:  constraint "fk_flt_vehicle_equipments_deleted_by" of relation "flt_vehicle_equipments" does not exist, skipping
ALTER TABLE
psql:docs/Migration_v1_v2/sql/09_flt_structure.sql:997: NOTICE:  constraint "fk_flt_vehicle_assignments_tenant_id" of relation "flt_vehicle_assignments" does not exist, skipping
ALTER TABLE
psql:docs/Migration_v1_v2/sql/09_flt_structure.sql:1003: NOTICE:  constraint "fk_flt_vehicle_assignments_created_by" of relation "flt_vehicle_assignments" does not exist, skipping
ALTER TABLE
psql:docs/Migration_v1_v2/sql/09_flt_structure.sql:1008: NOTICE:  constraint "fk_flt_vehicle_assignments_updated_by" of relation "flt_vehicle_assignments" does not exist, skipping
ALTER TABLE
psql:docs/Migration_v1_v2/sql/09_flt_structure.sql:1013: NOTICE:  constraint "fk_flt_vehicle_assignments_deleted_by" of relation "flt_vehicle_assignments" does not exist, skipping
ALTER TABLE
psql:docs/Migration_v1_v2/sql/09_flt_structure.sql:1019: NOTICE:  constraint "fk_flt_vehicle_events_tenant_id" of relation "flt_vehicle_events" does not exist, skipping
ALTER TABLE
psql:docs/Migration_v1_v2/sql/09_flt_structure.sql:1025: NOTICE:  constraint "fk_flt_vehicle_events_created_by" of relation "flt_vehicle_events" does not exist, skipping
ALTER TABLE
psql:docs/Migration_v1_v2/sql/09_flt_structure.sql:1030: NOTICE:  constraint "fk_flt_vehicle_events_updated_by" of relation "flt_vehicle_events" does not exist, skipping
ALTER TABLE
psql:docs/Migration_v1_v2/sql/09_flt_structure.sql:1035: NOTICE:  constraint "fk_flt_vehicle_events_deleted_by" of relation "flt_vehicle_events" does not exist, skipping
ALTER TABLE
psql:docs/Migration_v1_v2/sql/09_flt_structure.sql:1041: NOTICE:  constraint "fk_flt_vehicle_maintenance_tenant_id" of relation "flt_vehicle_maintenance" does not exist, skipping
ALTER TABLE
psql:docs/Migration_v1_v2/sql/09_flt_structure.sql:1047: NOTICE:  constraint "fk_flt_vehicle_maintenance_requested_by" of relation "flt_vehicle_maintenance" does not exist, skipping
ALTER TABLE
psql:docs/Migration_v1_v2/sql/09_flt_structure.sql:1052: NOTICE:  constraint "fk_flt_vehicle_maintenance_approved_by" of relation "flt_vehicle_maintenance" does not exist, skipping
ALTER TABLE
psql:docs/Migration_v1_v2/sql/09_flt_structure.sql:1057: NOTICE:  constraint "fk_flt_vehicle_maintenance_quality_check_by" of relation "flt_vehicle_maintenance" does not exist, skipping
ALTER TABLE
psql:docs/Migration_v1_v2/sql/09_flt_structure.sql:1062: NOTICE:  constraint "fk_flt_vehicle_maintenance_created_by" of relation "flt_vehicle_maintenance" does not exist, skipping
ALTER TABLE
psql:docs/Migration_v1_v2/sql/09_flt_structure.sql:1067: NOTICE:  constraint "fk_flt_vehicle_maintenance_updated_by" of relation "flt_vehicle_maintenance" does not exist, skipping
ALTER TABLE
psql:docs/Migration_v1_v2/sql/09_flt_structure.sql:1072: NOTICE:  constraint "fk_flt_vehicle_maintenance_deleted_by" of relation "flt_vehicle_maintenance" does not exist, skipping
ALTER TABLE
psql:docs/Migration_v1_v2/sql/09_flt_structure.sql:1078: NOTICE:  constraint "fk_flt_vehicle_expenses_tenant_id" of relation "flt_vehicle_expenses" does not exist, skipping
ALTER TABLE
psql:docs/Migration_v1_v2/sql/09_flt_structure.sql:1084: NOTICE:  constraint "fk_flt_vehicle_expenses_approved_by" of relation "flt_vehicle_expenses" does not exist, skipping
ALTER TABLE
psql:docs/Migration_v1_v2/sql/09_flt_structure.sql:1089: NOTICE:  constraint "fk_flt_vehicle_expenses_receipt_verified_by" of relation "flt_vehicle_expenses" does not exist, skipping
ALTER TABLE
psql:docs/Migration_v1_v2/sql/09_flt_structure.sql:1094: NOTICE:  constraint "fk_flt_vehicle_expenses_created_by" of relation "flt_vehicle_expenses" does not exist, skipping
ALTER TABLE
psql:docs/Migration_v1_v2/sql/09_flt_structure.sql:1099: NOTICE:  constraint "fk_flt_vehicle_expenses_updated_by" of relation "flt_vehicle_expenses" does not exist, skipping
ALTER TABLE
psql:docs/Migration_v1_v2/sql/09_flt_structure.sql:1104: NOTICE:  constraint "fk_flt_vehicle_expenses_deleted_by" of relation "flt_vehicle_expenses" does not exist, skipping
ALTER TABLE
psql:docs/Migration_v1_v2/sql/09_flt_structure.sql:1110: NOTICE:  constraint "fk_flt_vehicle_insurances_tenant_id" of relation "flt_vehicle_insurances" does not exist, skipping
ALTER TABLE
psql:docs/Migration_v1_v2/sql/09_flt_structure.sql:1116: NOTICE:  constraint "fk_flt_vehicle_insurances_created_by" of relation "flt_vehicle_insurances" does not exist, skipping
ALTER TABLE
psql:docs/Migration_v1_v2/sql/09_flt_structure.sql:1121: NOTICE:  constraint "fk_flt_vehicle_insurances_updated_by" of relation "flt_vehicle_insurances" does not exist, skipping
ALTER TABLE
psql:docs/Migration_v1_v2/sql/09_flt_structure.sql:1126: NOTICE:  constraint "fk_flt_vehicle_insurances_deleted_by" of relation "flt_vehicle_insurances" does not exist, skipping
ALTER TABLE
psql:docs/Migration_v1_v2/sql/09_flt_structure.sql:1136: NOTICE:  constraint "fk_flt_vehicles_make_id" of relation "flt_vehicles" does not exist, skipping
ALTER TABLE
psql:docs/Migration_v1_v2/sql/09_flt_structure.sql:1142: NOTICE:  constraint "fk_flt_vehicles_model_id" of relation "flt_vehicles" does not exist, skipping
ALTER TABLE
psql:docs/Migration_v1_v2/sql/09_flt_structure.sql:1148: NOTICE:  constraint "fk_flt_vehicles_vehicle_class_id" of relation "flt_vehicles" does not exist, skipping
ALTER TABLE
psql:docs/Migration_v1_v2/sql/09_flt_structure.sql:1154: NOTICE:  constraint "fk_flt_vehicles_country_code" of relation "flt_vehicles" does not exist, skipping
ALTER TABLE
psql:docs/Migration_v1_v2/sql/09_flt_structure.sql:1160: NOTICE:  constraint "fk_flt_vehicles_status_id" of relation "flt_vehicles" does not exist, skipping
ALTER TABLE
psql:docs/Migration_v1_v2/sql/09_flt_structure.sql:1166: NOTICE:  constraint "fk_flt_vehicles_ownership_type_id" of relation "flt_vehicles" does not exist, skipping
ALTER TABLE
psql:docs/Migration_v1_v2/sql/09_flt_structure.sql:1176: NOTICE:  constraint "fk_flt_vehicle_assignments_driver_id" of relation "flt_vehicle_assignments" does not exist, skipping
ALTER TABLE
psql:docs/Migration_v1_v2/sql/09_flt_structure.sql:1182: NOTICE:  constraint "fk_flt_vehicle_events_driver_id" of relation "flt_vehicle_events" does not exist, skipping
ALTER TABLE
psql:docs/Migration_v1_v2/sql/09_flt_structure.sql:1188: NOTICE:  constraint "fk_flt_vehicle_expenses_driver_id" of relation "flt_vehicle_expenses" does not exist, skipping
ALTER TABLE
psql:docs/Migration_v1_v2/sql/09_flt_structure.sql:1427: NOTICE:  ✓ ENUMS: 32 enums FLT créés (attendu: 32)
psql:docs/Migration_v1_v2/sql/09_flt_structure.sql:1427: NOTICE:  ✓ TABLES: 10 tables FLT (attendu: 10)
psql:docs/Migration_v1_v2/sql/09_flt_structure.sql:1427: NOTICE:  ✓ dir_vehicle_statuses: 22 colonnes (attendu: ~25)
psql:docs/Migration_v1_v2/sql/09_flt_structure.sql:1427: NOTICE:  ✓ dir_ownership_types: 19 colonnes (attendu: ~20)
psql:docs/Migration_v1_v2/sql/09_flt_structure.sql:1427: NOTICE:  ✓ flt_vehicles: 52 colonnes (attendu: 49)
psql:docs/Migration_v1_v2/sql/09_flt_structure.sql:1427: NOTICE:  ✓ flt_vehicle_inspections: 28 colonnes (attendu: ~30)
psql:docs/Migration_v1_v2/sql/09_flt_structure.sql:1427: NOTICE:  ✓ flt_vehicle_equipments: 31 colonnes (attendu: ~35)
psql:docs/Migration_v1_v2/sql/09_flt_structure.sql:1427: NOTICE:  ✓ flt_vehicle_assignments: 34 colonnes (attendu: 37)
psql:docs/Migration_v1_v2/sql/09_flt_structure.sql:1427: NOTICE:  ✓ flt_vehicle_events: 34 colonnes (attendu: 37)
psql:docs/Migration_v1_v2/sql/09_flt_structure.sql:1427: NOTICE:  ✓ flt_vehicle_maintenance: 57 colonnes (attendu: 48)
psql:docs/Migration_v1_v2/sql/09_flt_structure.sql:1427: NOTICE:  ✓ flt_vehicle_expenses: 55 colonnes (attendu: 55)
psql:docs/Migration_v1_v2/sql/09_flt_structure.sql:1427: NOTICE:  ✓ flt_vehicle_insurances: 65 colonnes (attendu: 65)
psql:docs/Migration_v1_v2/sql/09_flt_structure.sql:1427: NOTICE:  ✓ FOREIGN KEYS: 117 FK créées pour module FLT
psql:docs/Migration_v1_v2/sql/09_flt_structure.sql:1427: NOTICE:  ✓ INDEXES: 96 indexes créés pour module FLT
psql:docs/Migration_v1_v2/sql/09_flt_structure.sql:1427: NOTICE:  
psql:docs/Migration_v1_v2/sql/09_flt_structure.sql:1427: NOTICE:  ═══════════════════════════════════════════════════════════════
psql:docs/Migration_v1_v2/sql/09_flt_structure.sql:1427: NOTICE:  MIGRATION FLT (Session 8/13) - RÉSUMÉ
psql:docs/Migration_v1_v2/sql/09_flt_structure.sql:1427: NOTICE:  ═══════════════════════════════════════════════════════════════
psql:docs/Migration_v1_v2/sql/09_flt_structure.sql:1427: NOTICE:  Enums créés:         32 / 32
psql:docs/Migration_v1_v2/sql/09_flt_structure.sql:1427: NOTICE:  Tables:              10 / 10
psql:docs/Migration_v1_v2/sql/09_flt_structure.sql:1427: NOTICE:  Foreign Keys:        117
psql:docs/Migration_v1_v2/sql/09_flt_structure.sql:1427: NOTICE:  Indexes:             96
psql:docs/Migration_v1_v2/sql/09_flt_structure.sql:1427: NOTICE:  
psql:docs/Migration_v1_v2/sql/09_flt_structure.sql:1427: NOTICE:  Tables détails:
psql:docs/Migration_v1_v2/sql/09_flt_structure.sql:1427: NOTICE:    - dir_vehicle_statuses:      22 colonnes
psql:docs/Migration_v1_v2/sql/09_flt_structure.sql:1427: NOTICE:    - dir_ownership_types:       19 colonnes
psql:docs/Migration_v1_v2/sql/09_flt_structure.sql:1427: NOTICE:    - flt_vehicles:              52 colonnes
psql:docs/Migration_v1_v2/sql/09_flt_structure.sql:1427: NOTICE:    - flt_vehicle_inspections:   28 colonnes
psql:docs/Migration_v1_v2/sql/09_flt_structure.sql:1427: NOTICE:    - flt_vehicle_equipments:    31 colonnes
psql:docs/Migration_v1_v2/sql/09_flt_structure.sql:1427: NOTICE:    - flt_vehicle_assignments:   34 colonnes
psql:docs/Migration_v1_v2/sql/09_flt_structure.sql:1427: NOTICE:    - flt_vehicle_events:        34 colonnes
psql:docs/Migration_v1_v2/sql/09_flt_structure.sql:1427: NOTICE:    - flt_vehicle_maintenance:   57 colonnes
psql:docs/Migration_v1_v2/sql/09_flt_structure.sql:1427: NOTICE:    - flt_vehicle_expenses:      55 colonnes
psql:docs/Migration_v1_v2/sql/09_flt_structure.sql:1427: NOTICE:    - flt_vehicle_insurances:    65 colonnes
psql:docs/Migration_v1_v2/sql/09_flt_structure.sql:1427: NOTICE:  
psql:docs/Migration_v1_v2/sql/09_flt_structure.sql:1427: NOTICE:  FK FUTURES documentées:
psql:docs/Migration_v1_v2/sql/09_flt_structure.sql:1427: NOTICE:    → SCH: flt_vehicle_maintenance.blocked_periods
psql:docs/Migration_v1_v2/sql/09_flt_structure.sql:1427: NOTICE:    → TRP: flt_vehicle_events.ride_id, flt_vehicle_expenses.ride_id
psql:docs/Migration_v1_v2/sql/09_flt_structure.sql:1427: NOTICE:    → INV: flt_vehicles.owner_id
psql:docs/Migration_v1_v2/sql/09_flt_structure.sql:1427: NOTICE:  
psql:docs/Migration_v1_v2/sql/09_flt_structure.sql:1427: NOTICE:  ÉTAPES SUIVANTES:
psql:docs/Migration_v1_v2/sql/09_flt_structure.sql:1427: NOTICE:    Session 14: Migration données V1 → V2 (10 tables)
psql:docs/Migration_v1_v2/sql/09_flt_structure.sql:1427: NOTICE:    Session 15: Création indexes de performance
psql:docs/Migration_v1_v2/sql/09_flt_structure.sql:1427: NOTICE:    Session 16: DROP colonnes V1 + RENAME _v2
psql:docs/Migration_v1_v2/sql/09_flt_structure.sql:1427: NOTICE:  ═══════════════════════════════════════════════════════════════
DO
DO
DO
DO
DO
DO
DO
DO
DO
DO
DO
DO
DO
DO
DO
DO
DO
DO
DO
ALTER TABLE
ALTER TABLE
ALTER TABLE
ALTER TABLE
ALTER TABLE
ALTER TABLE
ALTER TABLE
ALTER TABLE
ALTER TABLE
ALTER TABLE
ALTER TABLE
ALTER TABLE
ALTER TABLE
ALTER TABLE
psql:docs/Migration_v1_v2/sql/10_sch_structure.sql:271: NOTICE:  column "metadata" of relation "sch_shifts" already exists, skipping
ALTER TABLE
psql:docs/Migration_v1_v2/sql/10_sch_structure.sql:272: NOTICE:  column "created_by" of relation "sch_shifts" already exists, skipping
ALTER TABLE
psql:docs/Migration_v1_v2/sql/10_sch_structure.sql:273: NOTICE:  column "updated_by" of relation "sch_shifts" already exists, skipping
ALTER TABLE
psql:docs/Migration_v1_v2/sql/10_sch_structure.sql:274: NOTICE:  column "deleted_at" of relation "sch_shifts" already exists, skipping
ALTER TABLE
psql:docs/Migration_v1_v2/sql/10_sch_structure.sql:275: NOTICE:  column "deleted_by" of relation "sch_shifts" already exists, skipping
ALTER TABLE
psql:docs/Migration_v1_v2/sql/10_sch_structure.sql:276: NOTICE:  column "deletion_reason" of relation "sch_shifts" already exists, skipping
ALTER TABLE
ALTER TABLE
ALTER TABLE
psql:docs/Migration_v1_v2/sql/10_sch_structure.sql:285: ERROR:  invalid input value for enum maintenance_priority: "normal"
ALTER TABLE
ALTER TABLE
ALTER TABLE
ALTER TABLE
ALTER TABLE
ALTER TABLE
ALTER TABLE
ALTER TABLE
ALTER TABLE
ALTER TABLE
ALTER TABLE
ALTER TABLE
ALTER TABLE
ALTER TABLE
ALTER TABLE
psql:docs/Migration_v1_v2/sql/10_sch_structure.sql:301: NOTICE:  column "metadata" of relation "sch_maintenance_schedules" already exists, skipping
ALTER TABLE
psql:docs/Migration_v1_v2/sql/10_sch_structure.sql:302: NOTICE:  column "created_by" of relation "sch_maintenance_schedules" already exists, skipping
ALTER TABLE
psql:docs/Migration_v1_v2/sql/10_sch_structure.sql:303: NOTICE:  column "updated_by" of relation "sch_maintenance_schedules" already exists, skipping
ALTER TABLE
psql:docs/Migration_v1_v2/sql/10_sch_structure.sql:304: NOTICE:  column "deleted_at" of relation "sch_maintenance_schedules" already exists, skipping
ALTER TABLE
psql:docs/Migration_v1_v2/sql/10_sch_structure.sql:305: NOTICE:  column "deleted_by" of relation "sch_maintenance_schedules" already exists, skipping
ALTER TABLE
psql:docs/Migration_v1_v2/sql/10_sch_structure.sql:306: NOTICE:  column "deletion_reason" of relation "sch_maintenance_schedules" already exists, skipping
ALTER TABLE
ALTER TABLE
ALTER TABLE
ALTER TABLE
ALTER TABLE
ALTER TABLE
ALTER TABLE
psql:docs/Migration_v1_v2/sql/10_sch_structure.sql:319: NOTICE:  column "period_start" of relation "sch_goals" already exists, skipping
ALTER TABLE
psql:docs/Migration_v1_v2/sql/10_sch_structure.sql:320: NOTICE:  column "period_end" of relation "sch_goals" already exists, skipping
ALTER TABLE
ALTER TABLE
psql:docs/Migration_v1_v2/sql/10_sch_structure.sql:322: NOTICE:  column "target_value" of relation "sch_goals" already exists, skipping
ALTER TABLE
ALTER TABLE
ALTER TABLE
ALTER TABLE
ALTER TABLE
ALTER TABLE
ALTER TABLE
ALTER TABLE
ALTER TABLE
ALTER TABLE
ALTER TABLE
ALTER TABLE
ALTER TABLE
ALTER TABLE
ALTER TABLE
ALTER TABLE
psql:docs/Migration_v1_v2/sql/10_sch_structure.sql:338: NOTICE:  column "metadata" of relation "sch_goals" already exists, skipping
ALTER TABLE
psql:docs/Migration_v1_v2/sql/10_sch_structure.sql:339: NOTICE:  column "created_by" of relation "sch_goals" already exists, skipping
ALTER TABLE
psql:docs/Migration_v1_v2/sql/10_sch_structure.sql:340: NOTICE:  column "updated_by" of relation "sch_goals" already exists, skipping
ALTER TABLE
psql:docs/Migration_v1_v2/sql/10_sch_structure.sql:341: NOTICE:  column "deleted_at" of relation "sch_goals" already exists, skipping
ALTER TABLE
psql:docs/Migration_v1_v2/sql/10_sch_structure.sql:342: NOTICE:  column "deleted_by" of relation "sch_goals" already exists, skipping
ALTER TABLE
psql:docs/Migration_v1_v2/sql/10_sch_structure.sql:343: NOTICE:  column "deletion_reason" of relation "sch_goals" already exists, skipping
ALTER TABLE
ALTER TABLE
ALTER TABLE
ALTER TABLE
psql:docs/Migration_v1_v2/sql/10_sch_structure.sql:353: NOTICE:  column "description" of relation "sch_tasks" already exists, skipping
ALTER TABLE
ALTER TABLE
ALTER TABLE
ALTER TABLE
ALTER TABLE
ALTER TABLE
psql:docs/Migration_v1_v2/sql/10_sch_structure.sql:359: NOTICE:  column "target_id" of relation "sch_tasks" already exists, skipping
ALTER TABLE
ALTER TABLE
ALTER TABLE
ALTER TABLE
ALTER TABLE
ALTER TABLE
ALTER TABLE
ALTER TABLE
ALTER TABLE
ALTER TABLE
ALTER TABLE
ALTER TABLE
ALTER TABLE
ALTER TABLE
ALTER TABLE
ALTER TABLE
ALTER TABLE
ALTER TABLE
ALTER TABLE
ALTER TABLE
ALTER TABLE
ALTER TABLE
ALTER TABLE
ALTER TABLE
ALTER TABLE
psql:docs/Migration_v1_v2/sql/10_sch_structure.sql:384: NOTICE:  column "metadata" of relation "sch_tasks" already exists, skipping
ALTER TABLE
psql:docs/Migration_v1_v2/sql/10_sch_structure.sql:385: NOTICE:  column "created_by" of relation "sch_tasks" already exists, skipping
ALTER TABLE
psql:docs/Migration_v1_v2/sql/10_sch_structure.sql:386: NOTICE:  column "updated_by" of relation "sch_tasks" already exists, skipping
ALTER TABLE
psql:docs/Migration_v1_v2/sql/10_sch_structure.sql:387: NOTICE:  column "deleted_at" of relation "sch_tasks" already exists, skipping
ALTER TABLE
psql:docs/Migration_v1_v2/sql/10_sch_structure.sql:388: NOTICE:  column "deleted_by" of relation "sch_tasks" already exists, skipping
ALTER TABLE
psql:docs/Migration_v1_v2/sql/10_sch_structure.sql:389: NOTICE:  column "deletion_reason" of relation "sch_tasks" already exists, skipping
ALTER TABLE
CREATE TABLE
CREATE TABLE
CREATE TABLE
CREATE TABLE
CREATE TABLE
CREATE TABLE
CREATE TABLE
CREATE TABLE
DO
DO
DO
DO
DO
DO
DO
DO
DO
DO
DO
DO
DO
DO
DO
DO
DO
DO
DO
DO
DO
DO
DO
DO
DO
DO
DO
DO
DO
DO
DO
DO
CREATE INDEX
CREATE INDEX
CREATE INDEX
CREATE INDEX
CREATE INDEX
CREATE INDEX
psql:docs/Migration_v1_v2/sql/10_sch_structure.sql:1028: ERROR:  column "priority_v2" does not exist
CREATE INDEX
CREATE INDEX
CREATE INDEX
CREATE INDEX
CREATE INDEX
CREATE INDEX
CREATE INDEX
CREATE INDEX
CREATE INDEX
CREATE INDEX
CREATE INDEX
CREATE INDEX
CREATE INDEX
CREATE INDEX
CREATE INDEX
CREATE INDEX
CREATE INDEX
CREATE INDEX
CREATE INDEX
CREATE INDEX
CREATE INDEX
CREATE INDEX
CREATE INDEX
CREATE INDEX
CREATE INDEX
CREATE INDEX
CREATE INDEX
CREATE INDEX
CREATE INDEX
CREATE INDEX
CREATE INDEX
psql:docs/Migration_v1_v2/sql/10_sch_structure.sql:1165: NOTICE:  
psql:docs/Migration_v1_v2/sql/10_sch_structure.sql:1165: NOTICE:  ========================================
psql:docs/Migration_v1_v2/sql/10_sch_structure.sql:1165: NOTICE:  GATEWAY 2 - VALIDATION SESSION 10 (SCH)
psql:docs/Migration_v1_v2/sql/10_sch_structure.sql:1165: NOTICE:  ========================================
psql:docs/Migration_v1_v2/sql/10_sch_structure.sql:1165: NOTICE:  Enums SCH: 18 / 18 enums
psql:docs/Migration_v1_v2/sql/10_sch_structure.sql:1165: NOTICE:  Tables SCH: 12 / 12 tables
psql:docs/Migration_v1_v2/sql/10_sch_structure.sql:1165: NOTICE:  sch_shifts: 28 colonnes (attendu: ~30)
psql:docs/Migration_v1_v2/sql/10_sch_structure.sql:1165: NOTICE:  sch_maintenance_schedules: 31 colonnes (attendu: ~36)
psql:docs/Migration_v1_v2/sql/10_sch_structure.sql:1165: NOTICE:  sch_goals: 38 colonnes (attendu: ~41)
psql:docs/Migration_v1_v2/sql/10_sch_structure.sql:1165: NOTICE:  sch_tasks: 47 colonnes (attendu: ~55)
psql:docs/Migration_v1_v2/sql/10_sch_structure.sql:1165: NOTICE:  Foreign Keys SCH: 56 FK créées
psql:docs/Migration_v1_v2/sql/10_sch_structure.sql:1165: NOTICE:  Indexes SCH: 88 indexes créés
psql:docs/Migration_v1_v2/sql/10_sch_structure.sql:1165: NOTICE:  ========================================
psql:docs/Migration_v1_v2/sql/10_sch_structure.sql:1165: NOTICE:  ✓ GATEWAY 2 COMPLETED
psql:docs/Migration_v1_v2/sql/10_sch_structure.sql:1165: NOTICE:  ========================================
psql:docs/Migration_v1_v2/sql/10_sch_structure.sql:1165: NOTICE:  
DO
DO
DO
DO
DO
DO
DO
DO
psql:docs/Migration_v1_v2/sql/11_trp_structure.sql:109: NOTICE:  column "platform_id" of relation "trp_platform_accounts" already exists, skipping
ALTER TABLE
ALTER TABLE
psql:docs/Migration_v1_v2/sql/11_trp_structure.sql:111: NOTICE:  column "api_key" of relation "trp_platform_accounts" already exists, skipping
ALTER TABLE
ALTER TABLE
ALTER TABLE
ALTER TABLE
ALTER TABLE
ALTER TABLE
ALTER TABLE
psql:docs/Migration_v1_v2/sql/11_trp_structure.sql:118: NOTICE:  column "metadata" of relation "trp_platform_accounts" already exists, skipping
ALTER TABLE
psql:docs/Migration_v1_v2/sql/11_trp_structure.sql:119: NOTICE:  column "created_by" of relation "trp_platform_accounts" already exists, skipping
ALTER TABLE
psql:docs/Migration_v1_v2/sql/11_trp_structure.sql:120: NOTICE:  column "updated_by" of relation "trp_platform_accounts" already exists, skipping
ALTER TABLE
psql:docs/Migration_v1_v2/sql/11_trp_structure.sql:121: NOTICE:  column "deleted_at" of relation "trp_platform_accounts" already exists, skipping
ALTER TABLE
psql:docs/Migration_v1_v2/sql/11_trp_structure.sql:122: NOTICE:  column "deleted_by" of relation "trp_platform_accounts" already exists, skipping
ALTER TABLE
psql:docs/Migration_v1_v2/sql/11_trp_structure.sql:123: NOTICE:  column "deletion_reason" of relation "trp_platform_accounts" already exists, skipping
ALTER TABLE
ALTER TABLE
psql:docs/Migration_v1_v2/sql/11_trp_structure.sql:131: NOTICE:  column "driver_id" of relation "trp_trips" already exists, skipping
ALTER TABLE
psql:docs/Migration_v1_v2/sql/11_trp_structure.sql:132: NOTICE:  column "vehicle_id" of relation "trp_trips" already exists, skipping
ALTER TABLE
ALTER TABLE
ALTER TABLE
ALTER TABLE
ALTER TABLE
ALTER TABLE
ALTER TABLE
ALTER TABLE
ALTER TABLE
ALTER TABLE
ALTER TABLE
ALTER TABLE
ALTER TABLE
ALTER TABLE
ALTER TABLE
ALTER TABLE
ALTER TABLE
psql:docs/Migration_v1_v2/sql/11_trp_structure.sql:157: NOTICE:  column "surge_multiplier" of relation "trp_trips" already exists, skipping
ALTER TABLE
ALTER TABLE
psql:docs/Migration_v1_v2/sql/11_trp_structure.sql:159: NOTICE:  column "tip_amount" of relation "trp_trips" already exists, skipping
ALTER TABLE
ALTER TABLE
psql:docs/Migration_v1_v2/sql/11_trp_structure.sql:161: NOTICE:  column "platform_commission" of relation "trp_trips" already exists, skipping
ALTER TABLE
psql:docs/Migration_v1_v2/sql/11_trp_structure.sql:162: NOTICE:  column "net_earnings" of relation "trp_trips" already exists, skipping
ALTER TABLE
ALTER TABLE
ALTER TABLE
ALTER TABLE
ALTER TABLE
ALTER TABLE
psql:docs/Migration_v1_v2/sql/11_trp_structure.sql:169: NOTICE:  column "deleted_at" of relation "trp_trips" already exists, skipping
ALTER TABLE
ALTER TABLE
ALTER TABLE
ALTER TABLE
psql:docs/Migration_v1_v2/sql/11_trp_structure.sql:179: NOTICE:  column "trip_id" of relation "trp_settlements" already exists, skipping
ALTER TABLE
ALTER TABLE
ALTER TABLE
psql:docs/Migration_v1_v2/sql/11_trp_structure.sql:182: NOTICE:  column "amount" of relation "trp_settlements" already exists, skipping
ALTER TABLE
ALTER TABLE
psql:docs/Migration_v1_v2/sql/11_trp_structure.sql:184: NOTICE:  column "net_amount" of relation "trp_settlements" already exists, skipping
ALTER TABLE
ALTER TABLE
ALTER TABLE
ALTER TABLE
ALTER TABLE
ALTER TABLE
ALTER TABLE
psql:docs/Migration_v1_v2/sql/11_trp_structure.sql:194: NOTICE:  column "settlement_date" of relation "trp_settlements" already exists, skipping
ALTER TABLE
ALTER TABLE
ALTER TABLE
psql:docs/Migration_v1_v2/sql/11_trp_structure.sql:197: NOTICE:  column "settlement_reference" of relation "trp_settlements" already exists, skipping
ALTER TABLE
ALTER TABLE
ALTER TABLE
psql:docs/Migration_v1_v2/sql/11_trp_structure.sql:203: NOTICE:  column "metadata" of relation "trp_settlements" already exists, skipping
ALTER TABLE
psql:docs/Migration_v1_v2/sql/11_trp_structure.sql:204: NOTICE:  column "created_by" of relation "trp_settlements" already exists, skipping
ALTER TABLE
psql:docs/Migration_v1_v2/sql/11_trp_structure.sql:205: NOTICE:  column "updated_by" of relation "trp_settlements" already exists, skipping
ALTER TABLE
psql:docs/Migration_v1_v2/sql/11_trp_structure.sql:206: NOTICE:  column "deleted_at" of relation "trp_settlements" already exists, skipping
ALTER TABLE
psql:docs/Migration_v1_v2/sql/11_trp_structure.sql:207: NOTICE:  column "deleted_by" of relation "trp_settlements" already exists, skipping
ALTER TABLE
psql:docs/Migration_v1_v2/sql/11_trp_structure.sql:208: NOTICE:  column "deletion_reason" of relation "trp_settlements" already exists, skipping
ALTER TABLE
psql:docs/Migration_v1_v2/sql/11_trp_structure.sql:215: NOTICE:  column "client_id" of relation "trp_client_invoices" already exists, skipping
ALTER TABLE
psql:docs/Migration_v1_v2/sql/11_trp_structure.sql:216: NOTICE:  column "invoice_number" of relation "trp_client_invoices" already exists, skipping
ALTER TABLE
psql:docs/Migration_v1_v2/sql/11_trp_structure.sql:217: NOTICE:  column "invoice_date" of relation "trp_client_invoices" already exists, skipping
ALTER TABLE
psql:docs/Migration_v1_v2/sql/11_trp_structure.sql:218: NOTICE:  column "due_date" of relation "trp_client_invoices" already exists, skipping
ALTER TABLE
ALTER TABLE
ALTER TABLE
psql:docs/Migration_v1_v2/sql/11_trp_structure.sql:225: NOTICE:  column "total_amount" of relation "trp_client_invoices" already exists, skipping
ALTER TABLE
ALTER TABLE
ALTER TABLE
psql:docs/Migration_v1_v2/sql/11_trp_structure.sql:228: NOTICE:  column "currency" of relation "trp_client_invoices" already exists, skipping
ALTER TABLE
ALTER TABLE
ALTER TABLE
ALTER TABLE
ALTER TABLE
psql:docs/Migration_v1_v2/sql/11_trp_structure.sql:236: NOTICE:  column "metadata" of relation "trp_client_invoices" already exists, skipping
ALTER TABLE
psql:docs/Migration_v1_v2/sql/11_trp_structure.sql:237: NOTICE:  column "created_by" of relation "trp_client_invoices" already exists, skipping
ALTER TABLE
psql:docs/Migration_v1_v2/sql/11_trp_structure.sql:238: NOTICE:  column "updated_by" of relation "trp_client_invoices" already exists, skipping
ALTER TABLE
psql:docs/Migration_v1_v2/sql/11_trp_structure.sql:239: NOTICE:  column "deleted_at" of relation "trp_client_invoices" already exists, skipping
ALTER TABLE
psql:docs/Migration_v1_v2/sql/11_trp_structure.sql:240: NOTICE:  column "deleted_by" of relation "trp_client_invoices" already exists, skipping
ALTER TABLE
psql:docs/Migration_v1_v2/sql/11_trp_structure.sql:241: NOTICE:  column "deletion_reason" of relation "trp_client_invoices" already exists, skipping
ALTER TABLE
CREATE TABLE
CREATE TABLE
DO
DO
DO
DO
DO
DO
DO
DO
DO
DO
DO
DO
DO
DO
CREATE INDEX
CREATE INDEX
CREATE INDEX
CREATE INDEX
CREATE INDEX
CREATE INDEX
CREATE INDEX
CREATE INDEX
CREATE INDEX
CREATE INDEX
CREATE INDEX
CREATE INDEX
CREATE INDEX
CREATE INDEX
CREATE INDEX
CREATE INDEX
CREATE INDEX
CREATE INDEX
CREATE INDEX
CREATE INDEX
CREATE INDEX
CREATE INDEX
CREATE INDEX
psql:docs/Migration_v1_v2/sql/11_trp_structure.sql:666: NOTICE:  
psql:docs/Migration_v1_v2/sql/11_trp_structure.sql:666: NOTICE:  ========================================
psql:docs/Migration_v1_v2/sql/11_trp_structure.sql:666: NOTICE:  GATEWAY 2 - VALIDATION SESSION 12 (TRP)
psql:docs/Migration_v1_v2/sql/11_trp_structure.sql:666: NOTICE:  ========================================
psql:docs/Migration_v1_v2/sql/11_trp_structure.sql:666: NOTICE:  Enums TRP: 7 / 7 enums
psql:docs/Migration_v1_v2/sql/11_trp_structure.sql:666: NOTICE:  Tables TRP: 6 / 6 tables
psql:docs/Migration_v1_v2/sql/11_trp_structure.sql:666: NOTICE:  trp_platform_accounts: 20 colonnes
psql:docs/Migration_v1_v2/sql/11_trp_structure.sql:666: NOTICE:  trp_trips: 53 colonnes
psql:docs/Migration_v1_v2/sql/11_trp_structure.sql:666: NOTICE:  trp_settlements: 32 colonnes
psql:docs/Migration_v1_v2/sql/11_trp_structure.sql:666: NOTICE:  trp_client_invoices: 25 colonnes
psql:docs/Migration_v1_v2/sql/11_trp_structure.sql:666: NOTICE:  Foreign Keys TRP: 32 FK créées
psql:docs/Migration_v1_v2/sql/11_trp_structure.sql:666: NOTICE:  Indexes TRP: 67 indexes créés
psql:docs/Migration_v1_v2/sql/11_trp_structure.sql:666: NOTICE:  ========================================
psql:docs/Migration_v1_v2/sql/11_trp_structure.sql:666: NOTICE:  ✓ GATEWAY 2 COMPLETED
psql:docs/Migration_v1_v2/sql/11_trp_structure.sql:666: NOTICE:  ========================================
psql:docs/Migration_v1_v2/sql/11_trp_structure.sql:666: NOTICE:  
DO
DO
DO
DO
DO
DO
DO
ALTER TABLE
ALTER TABLE
ALTER TABLE
ALTER TABLE
ALTER TABLE
psql:docs/Migration_v1_v2/sql/12_rev_structure.sql:107: NOTICE:  column "total_revenue" of relation "rev_revenue_imports" already exists, skipping
ALTER TABLE
ALTER TABLE
ALTER TABLE
ALTER TABLE
ALTER TABLE
ALTER TABLE
ALTER TABLE
psql:docs/Migration_v1_v2/sql/12_rev_structure.sql:118: NOTICE:  column "status" of relation "rev_revenue_imports" already exists, skipping
ALTER TABLE
ALTER TABLE
ALTER TABLE
ALTER TABLE
psql:docs/Migration_v1_v2/sql/12_rev_structure.sql:124: NOTICE:  column "metadata" of relation "rev_revenue_imports" already exists, skipping
ALTER TABLE
psql:docs/Migration_v1_v2/sql/12_rev_structure.sql:125: NOTICE:  column "created_by" of relation "rev_revenue_imports" already exists, skipping
ALTER TABLE
psql:docs/Migration_v1_v2/sql/12_rev_structure.sql:126: NOTICE:  column "updated_by" of relation "rev_revenue_imports" already exists, skipping
ALTER TABLE
psql:docs/Migration_v1_v2/sql/12_rev_structure.sql:127: NOTICE:  column "deleted_at" of relation "rev_revenue_imports" already exists, skipping
ALTER TABLE
psql:docs/Migration_v1_v2/sql/12_rev_structure.sql:128: NOTICE:  column "deleted_by" of relation "rev_revenue_imports" already exists, skipping
ALTER TABLE
psql:docs/Migration_v1_v2/sql/12_rev_structure.sql:129: NOTICE:  column "deletion_reason" of relation "rev_revenue_imports" already exists, skipping
ALTER TABLE
ALTER TABLE
psql:docs/Migration_v1_v2/sql/12_rev_structure.sql:141: NOTICE:  column "period_start" of relation "rev_driver_revenues" already exists, skipping
ALTER TABLE
psql:docs/Migration_v1_v2/sql/12_rev_structure.sql:142: NOTICE:  column "period_end" of relation "rev_driver_revenues" already exists, skipping
ALTER TABLE
ALTER TABLE
psql:docs/Migration_v1_v2/sql/12_rev_structure.sql:146: NOTICE:  column "total_revenue" of relation "rev_driver_revenues" already exists, skipping
ALTER TABLE
psql:docs/Migration_v1_v2/sql/12_rev_structure.sql:147: NOTICE:  column "commission_amount" of relation "rev_driver_revenues" already exists, skipping
ALTER TABLE
psql:docs/Migration_v1_v2/sql/12_rev_structure.sql:148: NOTICE:  column "net_revenue" of relation "rev_driver_revenues" already exists, skipping
ALTER TABLE
ALTER TABLE
ALTER TABLE
ALTER TABLE
ALTER TABLE
ALTER TABLE
ALTER TABLE
psql:docs/Migration_v1_v2/sql/12_rev_structure.sql:159: NOTICE:  column "metadata" of relation "rev_driver_revenues" already exists, skipping
ALTER TABLE
psql:docs/Migration_v1_v2/sql/12_rev_structure.sql:160: NOTICE:  column "created_by" of relation "rev_driver_revenues" already exists, skipping
ALTER TABLE
psql:docs/Migration_v1_v2/sql/12_rev_structure.sql:161: NOTICE:  column "updated_by" of relation "rev_driver_revenues" already exists, skipping
ALTER TABLE
psql:docs/Migration_v1_v2/sql/12_rev_structure.sql:162: NOTICE:  column "deleted_at" of relation "rev_driver_revenues" already exists, skipping
ALTER TABLE
psql:docs/Migration_v1_v2/sql/12_rev_structure.sql:163: NOTICE:  column "deleted_by" of relation "rev_driver_revenues" already exists, skipping
ALTER TABLE
psql:docs/Migration_v1_v2/sql/12_rev_structure.sql:164: NOTICE:  column "deletion_reason" of relation "rev_driver_revenues" already exists, skipping
ALTER TABLE
psql:docs/Migration_v1_v2/sql/12_rev_structure.sql:173: NOTICE:  column "import_id" of relation "rev_reconciliations" already exists, skipping
ALTER TABLE
psql:docs/Migration_v1_v2/sql/12_rev_structure.sql:174: NOTICE:  column "reconciliation_date" of relation "rev_reconciliations" already exists, skipping
ALTER TABLE
ALTER TABLE
ALTER TABLE
ALTER TABLE
ALTER TABLE
ALTER TABLE
psql:docs/Migration_v1_v2/sql/12_rev_structure.sql:184: NOTICE:  column "status" of relation "rev_reconciliations" already exists, skipping
ALTER TABLE
ALTER TABLE
ALTER TABLE
ALTER TABLE
ALTER TABLE
ALTER TABLE
ALTER TABLE
psql:docs/Migration_v1_v2/sql/12_rev_structure.sql:193: NOTICE:  column "notes" of relation "rev_reconciliations" already exists, skipping
ALTER TABLE
ALTER TABLE
psql:docs/Migration_v1_v2/sql/12_rev_structure.sql:199: NOTICE:  column "metadata" of relation "rev_reconciliations" already exists, skipping
ALTER TABLE
psql:docs/Migration_v1_v2/sql/12_rev_structure.sql:200: NOTICE:  column "created_by" of relation "rev_reconciliations" already exists, skipping
ALTER TABLE
psql:docs/Migration_v1_v2/sql/12_rev_structure.sql:201: NOTICE:  column "updated_by" of relation "rev_reconciliations" already exists, skipping
ALTER TABLE
psql:docs/Migration_v1_v2/sql/12_rev_structure.sql:202: NOTICE:  column "deleted_at" of relation "rev_reconciliations" already exists, skipping
ALTER TABLE
psql:docs/Migration_v1_v2/sql/12_rev_structure.sql:203: NOTICE:  column "deleted_by" of relation "rev_reconciliations" already exists, skipping
ALTER TABLE
psql:docs/Migration_v1_v2/sql/12_rev_structure.sql:204: NOTICE:  column "deletion_reason" of relation "rev_reconciliations" already exists, skipping
ALTER TABLE
CREATE TABLE
DO
DO
DO
DO
DO
DO
DO
DO
DO
DO
DO
DO
DO
DO
DO
DO
DO
DO
DO
DO
DO
DO
DO
DO
psql:docs/Migration_v1_v2/sql/12_rev_structure.sql:833: NOTICE:  
psql:docs/Migration_v1_v2/sql/12_rev_structure.sql:833: NOTICE:  ========================================
psql:docs/Migration_v1_v2/sql/12_rev_structure.sql:833: NOTICE:  GATEWAY 2 - VALIDATION SESSION 11 (REV)
psql:docs/Migration_v1_v2/sql/12_rev_structure.sql:833: NOTICE:  ========================================
psql:docs/Migration_v1_v2/sql/12_rev_structure.sql:833: NOTICE:  Enums REV: 6 / 6 enums
psql:docs/Migration_v1_v2/sql/12_rev_structure.sql:833: NOTICE:  Tables REV: 4 / 4 tables
psql:docs/Migration_v1_v2/sql/12_rev_structure.sql:833: NOTICE:  rev_revenue_imports: 29 colonnes
psql:docs/Migration_v1_v2/sql/12_rev_structure.sql:833: NOTICE:  rev_driver_revenues: 24 colonnes
psql:docs/Migration_v1_v2/sql/12_rev_structure.sql:833: NOTICE:  rev_reconciliations: 26 colonnes
psql:docs/Migration_v1_v2/sql/12_rev_structure.sql:833: NOTICE:  rev_reconciliation_lines: 8 colonnes
psql:docs/Migration_v1_v2/sql/12_rev_structure.sql:833: NOTICE:  Foreign Keys REV: 38 FK créées
psql:docs/Migration_v1_v2/sql/12_rev_structure.sql:833: NOTICE:  Indexes documentés: 28 indexes (3 UNIQUE + 25 BTREE + GIN)
psql:docs/Migration_v1_v2/sql/12_rev_structure.sql:833: NOTICE:  ========================================
psql:docs/Migration_v1_v2/sql/12_rev_structure.sql:833: NOTICE:  ✓ GATEWAY 2 COMPLETED
psql:docs/Migration_v1_v2/sql/12_rev_structure.sql:833: NOTICE:  ========================================
psql:docs/Migration_v1_v2/sql/12_rev_structure.sql:833: NOTICE:  
DO
DO
DO
DO
DO
DO
DO
DO
DO
DO
DO
psql:docs/Migration_v1_v2/sql/13_fin_structure.sql:142: NOTICE:  column "account_type" of relation "fin_accounts" already exists, skipping
ALTER TABLE
ALTER TABLE
ALTER TABLE
ALTER TABLE
ALTER TABLE
ALTER TABLE
ALTER TABLE
ALTER TABLE
ALTER TABLE
ALTER TABLE
ALTER TABLE
ALTER TABLE
ALTER TABLE
psql:docs/Migration_v1_v2/sql/13_fin_structure.sql:165: NOTICE:  column "metadata" of relation "fin_accounts" already exists, skipping
ALTER TABLE
psql:docs/Migration_v1_v2/sql/13_fin_structure.sql:166: NOTICE:  column "created_by" of relation "fin_accounts" already exists, skipping
ALTER TABLE
psql:docs/Migration_v1_v2/sql/13_fin_structure.sql:167: NOTICE:  column "updated_by" of relation "fin_accounts" already exists, skipping
ALTER TABLE
psql:docs/Migration_v1_v2/sql/13_fin_structure.sql:168: NOTICE:  column "deleted_at" of relation "fin_accounts" already exists, skipping
ALTER TABLE
psql:docs/Migration_v1_v2/sql/13_fin_structure.sql:169: NOTICE:  column "deleted_by" of relation "fin_accounts" already exists, skipping
ALTER TABLE
psql:docs/Migration_v1_v2/sql/13_fin_structure.sql:170: NOTICE:  column "deletion_reason" of relation "fin_accounts" already exists, skipping
ALTER TABLE
ALTER TABLE
psql:docs/Migration_v1_v2/sql/13_fin_structure.sql:180: NOTICE:  column "transaction_type" of relation "fin_transactions" already exists, skipping
ALTER TABLE
psql:docs/Migration_v1_v2/sql/13_fin_structure.sql:181: NOTICE:  column "status" of relation "fin_transactions" already exists, skipping
ALTER TABLE
ALTER TABLE
ALTER TABLE
ALTER TABLE
ALTER TABLE
ALTER TABLE
ALTER TABLE
ALTER TABLE
psql:docs/Migration_v1_v2/sql/13_fin_structure.sql:197: NOTICE:  column "reference" of relation "fin_transactions" already exists, skipping
ALTER TABLE
ALTER TABLE
ALTER TABLE
ALTER TABLE
ALTER TABLE
psql:docs/Migration_v1_v2/sql/13_fin_structure.sql:206: NOTICE:  column "metadata" of relation "fin_transactions" already exists, skipping
ALTER TABLE
psql:docs/Migration_v1_v2/sql/13_fin_structure.sql:207: NOTICE:  column "created_by" of relation "fin_transactions" already exists, skipping
ALTER TABLE
psql:docs/Migration_v1_v2/sql/13_fin_structure.sql:208: NOTICE:  column "updated_by" of relation "fin_transactions" already exists, skipping
ALTER TABLE
psql:docs/Migration_v1_v2/sql/13_fin_structure.sql:209: NOTICE:  column "deleted_at" of relation "fin_transactions" already exists, skipping
ALTER TABLE
psql:docs/Migration_v1_v2/sql/13_fin_structure.sql:210: NOTICE:  column "deleted_by" of relation "fin_transactions" already exists, skipping
ALTER TABLE
psql:docs/Migration_v1_v2/sql/13_fin_structure.sql:211: NOTICE:  column "deletion_reason" of relation "fin_transactions" already exists, skipping
ALTER TABLE
ALTER TABLE
ALTER TABLE
ALTER TABLE
ALTER TABLE
ALTER TABLE
ALTER TABLE
psql:docs/Migration_v1_v2/sql/13_fin_structure.sql:230: NOTICE:  column "status" of relation "fin_driver_payment_batches" already exists, skipping
ALTER TABLE
ALTER TABLE
ALTER TABLE
ALTER TABLE
ALTER TABLE
ALTER TABLE
ALTER TABLE
psql:docs/Migration_v1_v2/sql/13_fin_structure.sql:243: NOTICE:  column "metadata" of relation "fin_driver_payment_batches" already exists, skipping
ALTER TABLE
psql:docs/Migration_v1_v2/sql/13_fin_structure.sql:244: NOTICE:  column "created_by" of relation "fin_driver_payment_batches" already exists, skipping
ALTER TABLE
psql:docs/Migration_v1_v2/sql/13_fin_structure.sql:245: NOTICE:  column "updated_by" of relation "fin_driver_payment_batches" already exists, skipping
ALTER TABLE
psql:docs/Migration_v1_v2/sql/13_fin_structure.sql:246: NOTICE:  column "deleted_at" of relation "fin_driver_payment_batches" already exists, skipping
ALTER TABLE
psql:docs/Migration_v1_v2/sql/13_fin_structure.sql:247: NOTICE:  column "deleted_by" of relation "fin_driver_payment_batches" already exists, skipping
ALTER TABLE
psql:docs/Migration_v1_v2/sql/13_fin_structure.sql:248: NOTICE:  column "deletion_reason" of relation "fin_driver_payment_batches" already exists, skipping
ALTER TABLE
ALTER TABLE
ALTER TABLE
ALTER TABLE
ALTER TABLE
ALTER TABLE
ALTER TABLE
ALTER TABLE
psql:docs/Migration_v1_v2/sql/13_fin_structure.sql:270: NOTICE:  column "status" of relation "fin_driver_payments" already exists, skipping
ALTER TABLE
ALTER TABLE
ALTER TABLE
ALTER TABLE
ALTER TABLE
ALTER TABLE
ALTER TABLE
psql:docs/Migration_v1_v2/sql/13_fin_structure.sql:283: NOTICE:  column "metadata" of relation "fin_driver_payments" already exists, skipping
ALTER TABLE
psql:docs/Migration_v1_v2/sql/13_fin_structure.sql:284: NOTICE:  column "created_by" of relation "fin_driver_payments" already exists, skipping
ALTER TABLE
psql:docs/Migration_v1_v2/sql/13_fin_structure.sql:285: NOTICE:  column "updated_by" of relation "fin_driver_payments" already exists, skipping
ALTER TABLE
psql:docs/Migration_v1_v2/sql/13_fin_structure.sql:286: NOTICE:  column "deleted_at" of relation "fin_driver_payments" already exists, skipping
ALTER TABLE
psql:docs/Migration_v1_v2/sql/13_fin_structure.sql:287: NOTICE:  column "deleted_by" of relation "fin_driver_payments" already exists, skipping
ALTER TABLE
psql:docs/Migration_v1_v2/sql/13_fin_structure.sql:288: NOTICE:  column "deletion_reason" of relation "fin_driver_payments" already exists, skipping
ALTER TABLE
ALTER TABLE
ALTER TABLE
ALTER TABLE
ALTER TABLE
ALTER TABLE
ALTER TABLE
ALTER TABLE
psql:docs/Migration_v1_v2/sql/13_fin_structure.sql:314: NOTICE:  column "metadata" of relation "fin_toll_transactions" already exists, skipping
ALTER TABLE
psql:docs/Migration_v1_v2/sql/13_fin_structure.sql:315: NOTICE:  column "created_by" of relation "fin_toll_transactions" already exists, skipping
ALTER TABLE
psql:docs/Migration_v1_v2/sql/13_fin_structure.sql:316: NOTICE:  column "updated_by" of relation "fin_toll_transactions" already exists, skipping
ALTER TABLE
psql:docs/Migration_v1_v2/sql/13_fin_structure.sql:317: NOTICE:  column "deleted_at" of relation "fin_toll_transactions" already exists, skipping
ALTER TABLE
psql:docs/Migration_v1_v2/sql/13_fin_structure.sql:318: NOTICE:  column "deleted_by" of relation "fin_toll_transactions" already exists, skipping
ALTER TABLE
psql:docs/Migration_v1_v2/sql/13_fin_structure.sql:319: NOTICE:  column "deletion_reason" of relation "fin_toll_transactions" already exists, skipping
ALTER TABLE
ALTER TABLE
ALTER TABLE
ALTER TABLE
ALTER TABLE
ALTER TABLE
ALTER TABLE
ALTER TABLE
ALTER TABLE
psql:docs/Migration_v1_v2/sql/13_fin_structure.sql:346: NOTICE:  column "status" of relation "fin_traffic_fines" already exists, skipping
ALTER TABLE
ALTER TABLE
ALTER TABLE
ALTER TABLE
psql:docs/Migration_v1_v2/sql/13_fin_structure.sql:356: NOTICE:  column "metadata" of relation "fin_traffic_fines" already exists, skipping
ALTER TABLE
psql:docs/Migration_v1_v2/sql/13_fin_structure.sql:357: NOTICE:  column "created_by" of relation "fin_traffic_fines" already exists, skipping
ALTER TABLE
psql:docs/Migration_v1_v2/sql/13_fin_structure.sql:358: NOTICE:  column "updated_by" of relation "fin_traffic_fines" already exists, skipping
ALTER TABLE
psql:docs/Migration_v1_v2/sql/13_fin_structure.sql:359: NOTICE:  column "deleted_at" of relation "fin_traffic_fines" already exists, skipping
ALTER TABLE
psql:docs/Migration_v1_v2/sql/13_fin_structure.sql:360: NOTICE:  column "deleted_by" of relation "fin_traffic_fines" already exists, skipping
ALTER TABLE
psql:docs/Migration_v1_v2/sql/13_fin_structure.sql:361: NOTICE:  column "deletion_reason" of relation "fin_traffic_fines" already exists, skipping
ALTER TABLE
CREATE TABLE
CREATE TABLE
CREATE TABLE
CREATE TABLE
CREATE TABLE
CREATE TABLE
CREATE TABLE
CREATE TABLE
CREATE TABLE
DO
DO
DO
DO
DO
DO
DO
DO
DO
DO
DO
DO
DO
DO
DO
DO
DO
DO
DO
DO
DO
DO
DO
DO
DO
DO
DO
DO
DO
DO
DO
DO
DO
DO
DO
DO
DO
DO
DO
DO
DO
DO
DO
DO
DO
DO
DO
DO
DO
DO
DO
DO
DO
DO
DO
psql:docs/Migration_v1_v2/sql/13_fin_structure.sql:1864: NOTICE:  
psql:docs/Migration_v1_v2/sql/13_fin_structure.sql:1864: NOTICE:  ========================================
psql:docs/Migration_v1_v2/sql/13_fin_structure.sql:1864: NOTICE:  GATEWAY 2 - VALIDATION SESSION 12 (FIN)
psql:docs/Migration_v1_v2/sql/13_fin_structure.sql:1864: NOTICE:  ========================================
psql:docs/Migration_v1_v2/sql/13_fin_structure.sql:1864: NOTICE:  Enums FIN: 10 / 10 enums
psql:docs/Migration_v1_v2/sql/13_fin_structure.sql:1864: NOTICE:  Tables FIN+DIR: 15 / 15 tables
psql:docs/Migration_v1_v2/sql/13_fin_structure.sql:1864: NOTICE:  fin_accounts: 26 colonnes
psql:docs/Migration_v1_v2/sql/13_fin_structure.sql:1864: NOTICE:  fin_transactions: 30 colonnes
psql:docs/Migration_v1_v2/sql/13_fin_structure.sql:1864: NOTICE:  fin_driver_payment_batches: 27 colonnes
psql:docs/Migration_v1_v2/sql/13_fin_structure.sql:1864: NOTICE:  fin_driver_payments: 29 colonnes
psql:docs/Migration_v1_v2/sql/13_fin_structure.sql:1864: NOTICE:  fin_toll_transactions: 23 colonnes
psql:docs/Migration_v1_v2/sql/13_fin_structure.sql:1864: NOTICE:  fin_traffic_fines: 29 colonnes
psql:docs/Migration_v1_v2/sql/13_fin_structure.sql:1864: NOTICE:  Foreign Keys FIN/DIR: 86 FK créées
psql:docs/Migration_v1_v2/sql/13_fin_structure.sql:1864: NOTICE:  Indexes documentés: 69 indexes (6 UNIQUE + 63 BTREE + GIN)
psql:docs/Migration_v1_v2/sql/13_fin_structure.sql:1864: NOTICE:  ========================================
psql:docs/Migration_v1_v2/sql/13_fin_structure.sql:1864: NOTICE:  ✓ GATEWAY 2 COMPLETED
psql:docs/Migration_v1_v2/sql/13_fin_structure.sql:1864: NOTICE:  ========================================
psql:docs/Migration_v1_v2/sql/13_fin_structure.sql:1864: NOTICE:  🎉 FIN DE PHASE 1 - TOUS MODULES STRUCTURES COMPLETS
psql:docs/Migration_v1_v2/sql/13_fin_structure.sql:1864: NOTICE:  ========================================
psql:docs/Migration_v1_v2/sql/13_fin_structure.sql:1864: NOTICE:  
DO
